<?xml version="1.0" encoding="UTF-8"?>
<!-- Generated by org.testng.reporters.JUnitXMLReporter -->
<testsuite ignored="0" hostname="DESKTOP-Q19ULCM" failures="1" tests="1" name="mytest(failed)" time="24.091" errors="0" timestamp="2023-09-06T15:45:53 IST">
  <testcase classname="testcases.TC_002_LoginTest" name="test_Login" time="13.165">
    <failure type="java.lang.AssertionError" message="expected [true] but found [false]">
      <![CDATA[java.lang.AssertionError: expected [true] but found [false]
at testcases.TC_002_LoginTest.test_Login(TC_002_LoginTest.java:32)
at java.base/java.util.ArrayList.forEach(ArrayList.java:1511)
... Removed 34 stack frames]]>
    </failure>
  </testcase> <!-- test_Login -->
</testsuite> <!-- mytest(failed) -->
