<?xml version="1.0" encoding="UTF-8"?>
<testng-results ignored="0" total="2" passed="2" failed="0" skipped="0">
  <reporter-output>
  </reporter-output>
  <suite started-at="2023-09-10T11:29:30 IST" name="mySuite" finished-at="2023-09-10T11:29:54 IST" duration-ms="23778">
    <groups>
      <group name="regression">
        <method signature="TC_002_LoginTest.test_Login()[pri:0, instance:testcases.TC_002_LoginTest@1e0b4072]" name="test_Login" class="testcases.TC_002_LoginTest"/>
      </group> <!-- regression -->
      <group name="sanity">
        <method signature="TC_001_AccountRegistraionTest.test_accountRegistration()[pri:0, instance:testcases.TC_001_AccountRegistraionTest@7b36aa0c]" name="test_accountRegistration" class="testcases.TC_001_AccountRegistraionTest"/>
      </group> <!-- sanity -->
      <group name="master">
        <method signature="TC_001_AccountRegistraionTest.test_accountRegistration()[pri:0, instance:testcases.TC_001_AccountRegistraionTest@7b36aa0c]" name="test_accountRegistration" class="testcases.TC_001_AccountRegistraionTest"/>
        <method signature="TC_002_LoginTest.test_Login()[pri:0, instance:testcases.TC_002_LoginTest@1e0b4072]" name="test_Login" class="testcases.TC_002_LoginTest"/>
      </group> <!-- master -->
    </groups>
    <test started-at="2023-09-10T11:29:30 IST" name="mytest" finished-at="2023-09-10T11:29:54 IST" duration-ms="23778">
      <class name="testcases.TC_001_AccountRegistraionTest">
        <test-method is-config="true" signature="setup(java.lang.String)[pri:0, instance:testcases.TC_001_AccountRegistraionTest@7b36aa0c]" started-at="2023-09-10T11:29:31 IST" name="setup" finished-at="2023-09-10T11:29:41 IST" duration-ms="10369" status="PASS">
          <params>
            <param index="0">
              <value>
                <![CDATA[chrome]]>
              </value>
            </param>
          </params>
          <reporter-output>
          </reporter-output>
        </test-method> <!-- setup -->
        <test-method signature="test_accountRegistration()[pri:0, instance:testcases.TC_001_AccountRegistraionTest@7b36aa0c]" started-at="2023-09-10T11:29:41 IST" name="test_accountRegistration" finished-at="2023-09-10T11:29:45 IST" duration-ms="4429" status="PASS">
          <reporter-output>
          </reporter-output>
        </test-method> <!-- test_accountRegistration -->
        <test-method is-config="true" signature="tearDown()[pri:0, instance:testcases.TC_001_AccountRegistraionTest@7b36aa0c]" started-at="2023-09-10T11:29:45 IST" name="tearDown" finished-at="2023-09-10T11:29:46 IST" duration-ms="529" status="PASS">
          <reporter-output>
          </reporter-output>
        </test-method> <!-- tearDown -->
      </class> <!-- testcases.TC_001_AccountRegistraionTest -->
      <class name="testcases.TC_002_LoginTest">
        <test-method is-config="true" signature="setup(java.lang.String)[pri:0, instance:testcases.TC_002_LoginTest@1e0b4072]" started-at="2023-09-10T11:29:46 IST" name="setup" finished-at="2023-09-10T11:29:51 IST" duration-ms="5009" status="PASS">
          <params>
            <param index="0">
              <value>
                <![CDATA[chrome]]>
              </value>
            </param>
          </params>
          <reporter-output>
          </reporter-output>
        </test-method> <!-- setup -->
        <test-method signature="test_Login()[pri:0, instance:testcases.TC_002_LoginTest@1e0b4072]" started-at="2023-09-10T11:29:51 IST" name="test_Login" finished-at="2023-09-10T11:29:53 IST" duration-ms="2496" status="PASS">
          <reporter-output>
          </reporter-output>
        </test-method> <!-- test_Login -->
        <test-method is-config="true" signature="tearDown()[pri:0, instance:testcases.TC_002_LoginTest@1e0b4072]" started-at="2023-09-10T11:29:53 IST" name="tearDown" finished-at="2023-09-10T11:29:54 IST" duration-ms="229" status="PASS">
          <reporter-output>
          </reporter-output>
        </test-method> <!-- tearDown -->
      </class> <!-- testcases.TC_002_LoginTest -->
    </test> <!-- mytest -->
  </suite> <!-- mySuite -->
</testng-results>
