<?xml version="1.0" encoding="UTF-8"?>
<testng-results ignored="0" total="1" passed="1" failed="0" skipped="0">
  <reporter-output>
  </reporter-output>
  <suite started-at="2023-09-06T15:46:15 IST" name="Failed suite [Failed suite [mySuite]]" finished-at="2023-09-06T15:46:29 IST" duration-ms="13792">
    <groups>
      <group name="regression">
        <method signature="TC_002_LoginTest.test_Login()[pri:0, instance:testcases.TC_002_LoginTest@75d3a5e0]" name="test_Login" class="testcases.TC_002_LoginTest"/>
      </group> <!-- regression -->
      <group name="master">
        <method signature="TC_002_LoginTest.test_Login()[pri:0, instance:testcases.TC_002_LoginTest@75d3a5e0]" name="test_Login" class="testcases.TC_002_LoginTest"/>
      </group> <!-- master -->
    </groups>
    <test started-at="2023-09-06T15:46:15 IST" name="mytest(failed)(failed)" finished-at="2023-09-06T15:46:29 IST" duration-ms="13792">
      <class name="testcases.TC_002_LoginTest">
        <test-method is-config="true" signature="setup(java.lang.String)[pri:0, instance:testcases.TC_002_LoginTest@75d3a5e0]" started-at="2023-09-06T15:46:16 IST" name="setup" finished-at="2023-09-06T15:46:25 IST" duration-ms="9388" status="PASS">
          <params>
            <param index="0">
              <value>
                <![CDATA[chrome]]>
              </value>
            </param>
          </params>
          <reporter-output>
          </reporter-output>
        </test-method> <!-- setup -->
        <test-method signature="test_Login()[pri:0, instance:testcases.TC_002_LoginTest@75d3a5e0]" started-at="2023-09-06T15:46:25 IST" name="test_Login" finished-at="2023-09-06T15:46:28 IST" duration-ms="2697" status="PASS">
          <reporter-output>
          </reporter-output>
        </test-method> <!-- test_Login -->
        <test-method is-config="true" signature="tearDown()[pri:0, instance:testcases.TC_002_LoginTest@75d3a5e0]" started-at="2023-09-06T15:46:28 IST" name="tearDown" finished-at="2023-09-06T15:46:29 IST" duration-ms="592" status="PASS">
          <reporter-output>
          </reporter-output>
        </test-method> <!-- tearDown -->
      </class> <!-- testcases.TC_002_LoginTest -->
    </test> <!-- mytest(failed)(failed) -->
  </suite> <!-- Failed suite [Failed suite [mySuite]] -->
</testng-results>
